TN:
SF:elements/nuxeo-compound-document-tree.js
FN:270,(anonymous_0)
FN:271,(anonymous_1)
FN:279,(anonymous_2)
FN:295,_
FN:306,(anonymous_4)
FN:315,_
FN:324,(anonymous_6)
FN:328,(anonymous_7)
FN:330,(anonymous_8)
FN:332,(anonymous_9)
FN:343,(anonymous_10)
FN:362,(anonymous_11)
FN:388,(anonymous_12)
FN:389,(anonymous_13)
FN:399,(anonymous_14)
FN:399,(anonymous_15)
FN:401,(anonymous_16)
FN:408,(anonymous_17)
FN:414,(anonymous_18)
FN:418,(anonymous_19)
FN:422,(anonymous_20)
FN:426,(anonymous_21)
FN:430,(anonymous_22)
FN:431,(anonymous_23)
FN:435,(anonymous_24)
FN:445,(anonymous_25)
FN:452,(anonymous_26)
FN:457,(anonymous_27)
FN:468,(anonymous_28)
FN:470,(anonymous_29)
FNF:30
FNH:27
FNDA:60,(anonymous_0)
FNDA:72,(anonymous_1)
FNDA:0,(anonymous_2)
FNDA:208,_
FNDA:208,(anonymous_4)
FNDA:398,_
FNDA:168,(anonymous_6)
FNDA:140,(anonymous_7)
FNDA:108,(anonymous_8)
FNDA:0,(anonymous_9)
FNDA:20,(anonymous_10)
FNDA:28,(anonymous_11)
FNDA:228,(anonymous_12)
FNDA:171,(anonymous_13)
FNDA:128,(anonymous_14)
FNDA:64,(anonymous_15)
FNDA:96,(anonymous_16)
FNDA:168,(anonymous_17)
FNDA:60,(anonymous_18)
FNDA:340,(anonymous_19)
FNDA:0,(anonymous_20)
FNDA:398,(anonymous_21)
FNDA:72,(anonymous_22)
FNDA:96,(anonymous_23)
FNDA:424,(anonymous_24)
FNDA:1044,(anonymous_25)
FNDA:796,(anonymous_26)
FNDA:398,(anonymous_27)
FNDA:64,(anonymous_28)
FNDA:216,(anonymous_29)
DA:36,4
DA:271,60
DA:272,72
DA:273,72
DA:274,72
DA:277,0
DA:279,60
DA:280,0
DA:282,0
DA:283,0
DA:284,0
DA:287,0
DA:290,60
DA:292,60
DA:294,60
DA:296,208
DA:297,56
DA:298,56
DA:299,56
DA:301,152
DA:302,152
DA:303,152
DA:305,208
DA:306,208
DA:307,208
DA:308,208
DA:316,398
DA:319,398
DA:325,168
DA:329,140
DA:330,140
DA:331,108
DA:332,108
DA:333,0
DA:334,0
DA:336,0
DA:344,20
DA:345,20
DA:346,20
DA:348,0
DA:351,20
DA:352,20
DA:353,20
DA:355,20
DA:356,0
DA:357,0
DA:360,20
DA:362,28
DA:363,20
DA:364,8
DA:367,20
DA:368,20
DA:371,0
DA:374,20
DA:375,8
DA:376,8
DA:377,8
DA:380,20
DA:381,0
DA:383,0
DA:389,228
DA:391,171
DA:395,171
DA:396,107
DA:398,64
DA:399,128
DA:401,96
DA:402,64
DA:403,64
DA:404,64
DA:409,168
DA:410,168
DA:415,60
DA:419,340
DA:423,0
DA:427,398
DA:431,96
DA:432,72
DA:436,424
DA:446,1044
DA:454,796
DA:458,398
DA:459,398
DA:460,120
DA:462,398
DA:463,64
DA:465,398
DA:470,64
DA:471,216
DA:472,216
DA:473,216
DA:474,36
DA:475,172
DA:476,0
LF:94
LH:77
BRDA:272,0,0,72
BRDA:272,0,1,0
BRDA:282,1,0,0
BRDA:282,1,1,0
BRDA:282,2,0,0
BRDA:282,2,1,0
BRDA:282,2,2,0
BRDA:282,2,3,0
BRDA:296,3,0,56
BRDA:296,3,1,152
BRDA:316,4,0,120
BRDA:316,4,1,278
BRDA:317,5,0,120
BRDA:317,5,1,120
BRDA:318,6,0,278
BRDA:318,6,1,278
BRDA:325,7,0,168
BRDA:325,7,1,168
BRDA:325,7,2,168
BRDA:325,7,3,168
BRDA:329,8,0,140
BRDA:329,8,1,0
BRDA:329,9,0,140
BRDA:329,9,1,140
BRDA:333,10,0,0
BRDA:333,10,1,0
BRDA:333,11,0,0
BRDA:333,11,1,0
BRDA:345,12,0,20
BRDA:345,12,1,0
BRDA:345,13,0,20
BRDA:345,13,1,20
BRDA:345,13,2,20
BRDA:346,14,0,0
BRDA:346,14,1,20
BRDA:346,15,0,20
BRDA:346,15,1,0
BRDA:346,15,2,0
BRDA:351,16,0,20
BRDA:351,16,1,0
BRDA:351,17,0,20
BRDA:351,17,1,20
BRDA:355,18,0,0
BRDA:355,18,1,20
BRDA:363,19,0,8
BRDA:363,19,1,12
BRDA:367,20,0,20
BRDA:367,20,1,0
BRDA:376,21,0,8
BRDA:376,21,1,0
BRDA:376,22,0,8
BRDA:376,22,1,8
BRDA:381,23,0,0
BRDA:381,23,1,0
BRDA:391,24,0,171
BRDA:391,24,1,64
BRDA:391,24,2,64
BRDA:391,24,3,64
BRDA:395,25,0,107
BRDA:395,25,1,64
BRDA:409,26,0,168
BRDA:409,26,1,0
BRDA:409,27,0,168
BRDA:409,27,1,168
BRDA:419,28,0,122
BRDA:419,28,1,218
BRDA:423,29,0,0
BRDA:423,29,1,0
BRDA:427,30,0,42
BRDA:427,30,1,356
BRDA:436,31,0,192
BRDA:436,31,1,232
BRDA:436,32,0,424
BRDA:436,32,1,424
BRDA:436,32,2,424
BRDA:436,32,3,424
BRDA:436,32,4,192
BRDA:447,33,0,1044
BRDA:447,33,1,724
BRDA:447,33,2,724
BRDA:447,33,3,356
BRDA:454,34,0,796
BRDA:454,34,1,360
BRDA:459,35,0,120
BRDA:459,35,1,278
BRDA:462,36,0,64
BRDA:462,36,1,334
BRDA:473,37,0,36
BRDA:473,37,1,172
BRDA:473,38,0,216
BRDA:473,38,1,52
BRDA:475,39,0,0
BRDA:475,39,1,160
BRDA:475,40,0,172
BRDA:475,40,1,164
BRF:95
BRH:69
end_of_record
