<?xml version="1.0" encoding="UTF-8"?>
<testsuite xmlns:xsi="http://www.w3.org/2001/XMLSchema-instance" xsi:noNamespaceSchemaLocation="https://maven.apache.org/surefire/maven-surefire-plugin/xsd/surefire-test-report.xsd" version="3.0.2" name="org.nuxeo.compound.documents.TestCompoundDocumentRest" time="7.074" tests="4" errors="0" skipped="0" failures="0">
  <properties>
[...]
</properties>
  <testcase name="testCreateCompoundDocument" classname="org.nuxeo.compound.documents.TestCompoundDocumentRest" time="1.708">
    <system-out><![CDATA[&amp#27;[90m08:27:49,670&amp#27;[m &amp#27;[1;34mINFO &amp#27;[m &amp#27;[m[main]&amp#27;[m &amp#27;[36mRuntimeStreamFeature&amp#27;[m: Deploying Nuxeo Stream using Mem
&amp#27;[90m08:27:49,671&amp#27;[m &amp#27;[1;34mINFO &amp#27;[m &amp#27;[m[main]&amp#27;[m &amp#27;[36mWorkManagerFeature&amp#27;[m: Deploying WorkManager using default implementation
&amp#27;[90m08:27:49,675&amp#27;[m &amp#27;[1;34mINFO &amp#27;[m &amp#27;[m[main]&amp#27;[m &amp#27;[36mVCSRepositoryFeature&amp#27;[m: Deploying a VCS repository using H2
&amp#27;[90m08:27:49,675&amp#27;[m &amp#27;[1;34mINFO &amp#27;[m &amp#27;[m[main]&amp#27;[m &amp#27;[36mDirectoryFeature&amp#27;[m: Deploying Directory using Sql
&amp#27;[90m08:27:49,675&amp#27;[m &amp#27;[1;34mINFO &amp#27;[m &amp#27;[m[main]&amp#27;[m &amp#27;[36mCoreSearchFeature&amp#27;[m: Deploying Search using Repository
&amp#27;[90m08:27:51,286&amp#27;[m &amp#27;[1;31mERROR&amp#27;[m &amp#27;[m[Thread-31]&amp#27;[m &amp#27;[36mAbstractRuntimeService&amp#27;[m: NUXEO INSTANCE REGISTRATION FILE IS MISSING

***** This Nuxeo instance is not registered *****
This Nuxeo instance can only be used for development and will be stopped if used in production

&amp#27;[90m08:27:51,407&amp#27;[m &amp#27;[1;34mINFO &amp#27;[m &amp#27;[m[main]&amp#27;[m &amp#27;[36mOSGiRuntimeService&amp#27;[m: Nuxeo Platform Started
======================================================================
= Component Loading Status: Pending: 0 / Missing: 0 / Unstarted: 0 / Total: 307
======================================================================
]]></system-out>
    <system-err><![CDATA[org.nuxeo.ecm.core.management.jtajca:type=TransactionMonitor,name=default,monitor=monitor
]]></system-err>
  </testcase>
  <testcase name="testCreateCompoundDocumentFolder" classname="org.nuxeo.compound.documents.TestCompoundDocumentRest" time="0.629"/>
  <testcase name="testCompoundDocumentUpload" classname="org.nuxeo.compound.documents.TestCompoundDocumentRest" time="0.869"/>
  <testcase name="testNestingCompoundDocuments" classname="org.nuxeo.compound.documents.TestCompoundDocumentRest" time="0.714">
    <system-out><![CDATA[&amp#27;[90m08:27:55,333&amp#27;[m &amp#27;[1;31mERROR&amp#27;[m &amp#27;[m[Nuxeo-Work-default-1:61879969185317.826197393]&amp#27;[m &amp#27;[36mAbstractWork&amp#27;[m: Exception during work: ListenerWork(Listener compoundDocumentVersionEventListener [documentCheckedIn/4f340239-3578-454e-8a2b-b0d84103fc9d, documentCheckedIn/be74fd62-f4e8-422c-bc41-ea1954210bcd, documentCheckedIn/1f859d2d-ee8b-4f02-9c02-6b9c1959dd70, documentCheckedIn/59eac201-7a5f-4f9e-a703-e0bc72756fbb], Progress(?%, ?/0), null)
java.lang.IndexOutOfBoundsException: Index -1 out of bounds for length 0
	at java.base/jdk.internal.util.Preconditions.outOfBounds(Preconditions.java:100) ~[?:?]
	at java.base/jdk.internal.util.Preconditions.outOfBoundsCheckIndex(Preconditions.java:106) ~[?:?]
	at java.base/jdk.internal.util.Preconditions.checkIndex(Preconditions.java:302) ~[?:?]
	at java.base/java.util.Objects.checkIndex(Objects.java:385) ~[?:?]
	at java.base/java.util.ArrayList.get(ArrayList.java:427) ~[?:?]
	at org.nuxeo.compound.documents.service.CompoundDocumentServiceImpl.updateFileDefinition(CompoundDocumentServiceImpl.java:236) ~[classes/:?]
	at org.nuxeo.compound.documents.versioning.events.CompoundDocumentVersioningListener.handleCheckedInEvent(CompoundDocumentVersioningListener.java:144) ~[classes/:?]
	at org.nuxeo.compound.documents.versioning.events.CompoundDocumentVersioningListener.handleEvent(CompoundDocumentVersioningListener.java:79) ~[classes/:?]
	at org.nuxeo.ecm.core.event.impl.AsyncEventExecutor$ListenerWork.work(AsyncEventExecutor.java:209) ~[nuxeo-core-event-2025.7.12.jar:?]
	at org.nuxeo.ecm.core.work.AbstractWork.runWorkWithTransaction(AbstractWork.java:493) ~[nuxeo-core-event-2025.7.12.jar:?]
	at org.nuxeo.ecm.core.work.AbstractWork.run(AbstractWork.java:352) ~[nuxeo-core-event-2025.7.12.jar:?]
	at org.nuxeo.ecm.core.work.WorkHolder.run(WorkHolder.java:57) ~[nuxeo-core-event-2025.7.12.jar:?]
	at java.base/java.util.concurrent.ThreadPoolExecutor.runWorker(ThreadPoolExecutor.java:1144) ~[?:?]
	at java.base/java.util.concurrent.ThreadPoolExecutor$Worker.run(ThreadPoolExecutor.java:642) ~[?:?]
	at java.base/java.lang.Thread.run(Thread.java:1583) [?:?]
&amp#27;[90m08:27:55,340&amp#27;[m &amp#27;[1;31mERROR&amp#27;[m &amp#27;[m[Nuxeo-Work-default-1:61879969185317.826197393]&amp#27;[m &amp#27;[36mWorkSchedulePath&amp#27;[m: Work schedule path
&amp#27;[90m08:27:55,340&amp#27;[m &amp#27;[1;31mERROR&amp#27;[m &amp#27;[m[Nuxeo-Work-default-1:61879969185317.826197393]&amp#27;[m &amp#27;[36mAsyncEventExecutor&amp#27;[m: Failed to execute async event: test on listener: compoundDocumentVersionEventListener
java.lang.IndexOutOfBoundsException: Index -1 out of bounds for length 0
	at java.base/jdk.internal.util.Preconditions.outOfBounds(Preconditions.java:100) ~[?:?]
	at java.base/jdk.internal.util.Preconditions.outOfBoundsCheckIndex(Preconditions.java:106) ~[?:?]
	at java.base/jdk.internal.util.Preconditions.checkIndex(Preconditions.java:302) ~[?:?]
	at java.base/java.util.Objects.checkIndex(Objects.java:385) ~[?:?]
	at java.base/java.util.ArrayList.get(ArrayList.java:427) ~[?:?]
	at org.nuxeo.compound.documents.service.CompoundDocumentServiceImpl.updateFileDefinition(CompoundDocumentServiceImpl.java:236) ~[classes/:?]
	at org.nuxeo.compound.documents.versioning.events.CompoundDocumentVersioningListener.handleCheckedInEvent(CompoundDocumentVersioningListener.java:144) ~[classes/:?]
	at org.nuxeo.compound.documents.versioning.events.CompoundDocumentVersioningListener.handleEvent(CompoundDocumentVersioningListener.java:79) ~[classes/:?]
	at org.nuxeo.ecm.core.event.impl.AsyncEventExecutor$ListenerWork.work(AsyncEventExecutor.java:209) ~[nuxeo-core-event-2025.7.12.jar:?]
	at org.nuxeo.ecm.core.work.AbstractWork.runWorkWithTransaction(AbstractWork.java:493) ~[nuxeo-core-event-2025.7.12.jar:?]
	at org.nuxeo.ecm.core.work.AbstractWork.run(AbstractWork.java:352) ~[nuxeo-core-event-2025.7.12.jar:?]
	at org.nuxeo.ecm.core.work.WorkHolder.run(WorkHolder.java:57) ~[nuxeo-core-event-2025.7.12.jar:?]
	at java.base/java.util.concurrent.ThreadPoolExecutor.runWorker(ThreadPoolExecutor.java:1144) ~[?:?]
	at java.base/java.util.concurrent.ThreadPoolExecutor$Worker.run(ThreadPoolExecutor.java:642) ~[?:?]
	at java.base/java.lang.Thread.run(Thread.java:1583) [?:?]
&amp#27;[90m08:27:55,347&amp#27;[m &amp#27;[1;31mERROR&amp#27;[m &amp#27;[m[Nuxeo-Work-default-1:61879969185317.826197393]&amp#27;[m &amp#27;[36mAbstractWork&amp#27;[m: Exception during work: ListenerWork(Listener compoundDocumentVersionEventListener [documentCheckedIn/4f340239-3578-454e-8a2b-b0d84103fc9d, documentCheckedIn/be74fd62-f4e8-422c-bc41-ea1954210bcd, documentCheckedIn/1f859d2d-ee8b-4f02-9c02-6b9c1959dd70, documentCheckedIn/59eac201-7a5f-4f9e-a703-e0bc72756fbb], Progress(?%, ?/0), null)
java.lang.IndexOutOfBoundsException: Index -1 out of bounds for length 0
	at java.base/jdk.internal.util.Preconditions.outOfBounds(Preconditions.java:100) ~[?:?]
	at java.base/jdk.internal.util.Preconditions.outOfBoundsCheckIndex(Preconditions.java:106) ~[?:?]
	at java.base/jdk.internal.util.Preconditions.checkIndex(Preconditions.java:302) ~[?:?]
	at java.base/java.util.Objects.checkIndex(Objects.java:385) ~[?:?]
	at java.base/java.util.ArrayList.get(ArrayList.java:427) ~[?:?]
	at org.nuxeo.compound.documents.service.CompoundDocumentServiceImpl.updateFileDefinition(CompoundDocumentServiceImpl.java:236) ~[classes/:?]
	at org.nuxeo.compound.documents.versioning.events.CompoundDocumentVersioningListener.handleCheckedInEvent(CompoundDocumentVersioningListener.java:144) ~[classes/:?]
	at org.nuxeo.compound.documents.versioning.events.CompoundDocumentVersioningListener.handleEvent(CompoundDocumentVersioningListener.java:79) ~[classes/:?]
	at org.nuxeo.ecm.core.event.impl.AsyncEventExecutor$ListenerWork.work(AsyncEventExecutor.java:209) ~[nuxeo-core-event-2025.7.12.jar:?]
	at org.nuxeo.ecm.core.work.AbstractWork.runWorkWithTransaction(AbstractWork.java:493) ~[nuxeo-core-event-2025.7.12.jar:?]
	at org.nuxeo.ecm.core.work.AbstractWork.run(AbstractWork.java:352) ~[nuxeo-core-event-2025.7.12.jar:?]
	at org.nuxeo.ecm.core.work.WorkHolder.run(WorkHolder.java:57) ~[nuxeo-core-event-2025.7.12.jar:?]
	at java.base/java.util.concurrent.ThreadPoolExecutor.runWorker(ThreadPoolExecutor.java:1144) ~[?:?]
	at java.base/java.util.concurrent.ThreadPoolExecutor$Worker.run(ThreadPoolExecutor.java:642) ~[?:?]
	at java.base/java.lang.Thread.run(Thread.java:1583) [?:?]
&amp#27;[90m08:27:55,347&amp#27;[m &amp#27;[1;31mERROR&amp#27;[m &amp#27;[m[Nuxeo-Work-default-1:61879969185317.826197393]&amp#27;[m &amp#27;[36mWorkSchedulePath&amp#27;[m: Work schedule path
&amp#27;[90m08:27:55,348&amp#27;[m &amp#27;[1;31mERROR&amp#27;[m &amp#27;[m[Nuxeo-Work-default-1:61879969185317.826197393]&amp#27;[m &amp#27;[36mAsyncEventExecutor&amp#27;[m: Failed to execute async event: test on listener: compoundDocumentVersionEventListener
java.lang.IndexOutOfBoundsException: Index -1 out of bounds for length 0
	at java.base/jdk.internal.util.Preconditions.outOfBounds(Preconditions.java:100) ~[?:?]
	at java.base/jdk.internal.util.Preconditions.outOfBoundsCheckIndex(Preconditions.java:106) ~[?:?]
	at java.base/jdk.internal.util.Preconditions.checkIndex(Preconditions.java:302) ~[?:?]
	at java.base/java.util.Objects.checkIndex(Objects.java:385) ~[?:?]
	at java.base/java.util.ArrayList.get(ArrayList.java:427) ~[?:?]
	at org.nuxeo.compound.documents.service.CompoundDocumentServiceImpl.updateFileDefinition(CompoundDocumentServiceImpl.java:236) ~[classes/:?]
	at org.nuxeo.compound.documents.versioning.events.CompoundDocumentVersioningListener.handleCheckedInEvent(CompoundDocumentVersioningListener.java:144) ~[classes/:?]
	at org.nuxeo.compound.documents.versioning.events.CompoundDocumentVersioningListener.handleEvent(CompoundDocumentVersioningListener.java:79) ~[classes/:?]
	at org.nuxeo.ecm.core.event.impl.AsyncEventExecutor$ListenerWork.work(AsyncEventExecutor.java:209) ~[nuxeo-core-event-2025.7.12.jar:?]
	at org.nuxeo.ecm.core.work.AbstractWork.runWorkWithTransaction(AbstractWork.java:493) ~[nuxeo-core-event-2025.7.12.jar:?]
	at org.nuxeo.ecm.core.work.AbstractWork.run(AbstractWork.java:352) ~[nuxeo-core-event-2025.7.12.jar:?]
	at org.nuxeo.ecm.core.work.WorkHolder.run(WorkHolder.java:57) ~[nuxeo-core-event-2025.7.12.jar:?]
	at java.base/java.util.concurrent.ThreadPoolExecutor.runWorker(ThreadPoolExecutor.java:1144) ~[?:?]
	at java.base/java.util.concurrent.ThreadPoolExecutor$Worker.run(ThreadPoolExecutor.java:642) ~[?:?]
	at java.base/java.lang.Thread.run(Thread.java:1583) [?:?]
&amp#27;[90m08:27:55,357&amp#27;[m &amp#27;[1;31mERROR&amp#27;[m &amp#27;[m[Nuxeo-Work-default-1]&amp#27;[m &amp#27;[36mWorkManagerImpl&amp#27;[m: Uncaught error on thread: Nuxeo-Work-default-1, current work might be lost, WorkManager metrics might be corrupted.
org.nuxeo.ecm.core.api.NuxeoException: Work failed after 1 retry, class=class org.nuxeo.ecm.core.event.impl.AsyncEventExecutor$ListenerWork id=61879969185317.826197393 category=compoundDocumentVersionEventListener title=Listener compoundDocumentVersionEventListener [documentCheckedIn/4f340239-3578-454e-8a2b-b0d84103fc9d, documentCheckedIn/be74fd62-f4e8-422c-bc41-ea1954210bcd, documentCheckedIn/1f859d2d-ee8b-4f02-9c02-6b9c1959dd70, documentCheckedIn/59eac201-7a5f-4f9e-a703-e0bc72756fbb]
	at org.nuxeo.ecm.core.work.AbstractWork.workFailed(AbstractWork.java:439) ~[nuxeo-core-event-2025.7.12.jar:?]
	at org.nuxeo.ecm.core.work.AbstractWork.run(AbstractWork.java:365) ~[nuxeo-core-event-2025.7.12.jar:?]
	at org.nuxeo.ecm.core.work.WorkHolder.run(WorkHolder.java:57) ~[nuxeo-core-event-2025.7.12.jar:?]
	at java.base/java.util.concurrent.ThreadPoolExecutor.runWorker(ThreadPoolExecutor.java:1144) ~[?:?]
	at java.base/java.util.concurrent.ThreadPoolExecutor$Worker.run(ThreadPoolExecutor.java:642) ~[?:?]
	at java.base/java.lang.Thread.run(Thread.java:1583) [?:?]
Caused by: java.lang.IndexOutOfBoundsException: Index -1 out of bounds for length 0
	at java.base/jdk.internal.util.Preconditions.outOfBounds(Preconditions.java:100) ~[?:?]
	at java.base/jdk.internal.util.Preconditions.outOfBoundsCheckIndex(Preconditions.java:106) ~[?:?]
	at java.base/jdk.internal.util.Preconditions.checkIndex(Preconditions.java:302) ~[?:?]
	at java.base/java.util.Objects.checkIndex(Objects.java:385) ~[?:?]
	at java.base/java.util.ArrayList.get(ArrayList.java:427) ~[?:?]
	at org.nuxeo.compound.documents.service.CompoundDocumentServiceImpl.updateFileDefinition(CompoundDocumentServiceImpl.java:236) ~[classes/:?]
	at org.nuxeo.compound.documents.versioning.events.CompoundDocumentVersioningListener.handleCheckedInEvent(CompoundDocumentVersioningListener.java:144) ~[classes/:?]
	at org.nuxeo.compound.documents.versioning.events.CompoundDocumentVersioningListener.handleEvent(CompoundDocumentVersioningListener.java:79) ~[classes/:?]
	at org.nuxeo.ecm.core.event.impl.AsyncEventExecutor$ListenerWork.work(AsyncEventExecutor.java:209) ~[nuxeo-core-event-2025.7.12.jar:?]
	at org.nuxeo.ecm.core.work.AbstractWork.runWorkWithTransaction(AbstractWork.java:493) ~[nuxeo-core-event-2025.7.12.jar:?]
	at org.nuxeo.ecm.core.work.AbstractWork.run(AbstractWork.java:352) ~[nuxeo-core-event-2025.7.12.jar:?]
	... 4 more
	Suppressed: java.lang.IndexOutOfBoundsException: Index -1 out of bounds for length 0
		... 15 more
]]></system-out>
  </testcase>
</testsuite>