<?xml version="1.0" encoding="UTF-8"?>
<testsuite xmlns:xsi="http://www.w3.org/2001/XMLSchema-instance" xsi:noNamespaceSchemaLocation="https://maven.apache.org/surefire/maven-surefire-plugin/xsd/surefire-test-report.xsd" name="org.nuxeo.compound.documents.TestCompoundDocumentImporter" time="12.749" tests="7" errors="0" skipped="0" failures="0">
  <properties>
[...]
</properties>
  <testcase name="testCreateCompoundDocument" classname="org.nuxeo.compound.documents.TestCompoundDocumentImporter" time="0.165"/>
  <testcase name="testCreateCompoundDocumentWithPreviewAsThumbnail" classname="org.nuxeo.compound.documents.TestCompoundDocumentImporter" time="0.574"/>
  <testcase name="testBadArchive" classname="org.nuxeo.compound.documents.TestCompoundDocumentImporter" time="0.036"/>
  <testcase name="testCustomCompoundDocumentType" classname="org.nuxeo.compound.documents.TestCompoundDocumentImporter" time="2.465"/>
  <testcase name="testBadCustomCompoundDocumentType" classname="org.nuxeo.compound.documents.TestCompoundDocumentImporter" time="2.02"/>
  <testcase name="testBadCustomCompoundDocumentFolderType" classname="org.nuxeo.compound.documents.TestCompoundDocumentImporter" time="1.583"/>
  <testcase name="testCreateNestedCompoundDocuments" classname="org.nuxeo.compound.documents.TestCompoundDocumentImporter" time="2.131"/>
</testsuite>