<?xml version="1.0" encoding="UTF-8"?>
<testsuite xmlns:xsi="http://www.w3.org/2001/XMLSchema-instance" xsi:noNamespaceSchemaLocation="https://maven.apache.org/surefire/maven-surefire-plugin/xsd/surefire-test-report.xsd" version="3.0.2" name="org.nuxeo.compound.documents.TestCompoundDocumentImporter" time="27.604" tests="7" errors="0" skipped="0" failures="0">
  <properties>
[...]
</properties>
  <testcase name="testCreateCompoundDocument" classname="org.nuxeo.compound.documents.TestCompoundDocumentImporter" time="1.428">
    <system-out><![CDATA[2025-03-31 14:32:28,455 [Thread-10] ERROR [AbstractRuntimeService$1] NUXEO INSTANCE REGISTRATION FILE IS MISSING

***** This Nuxeo instance is not registered *****
This Nuxeo instance can only be used for development and will be stopped if used in production

]]></system-out>
    <system-err><![CDATA[TOTAL_COMMITS jmx.monitor.error.mbean The observed object must be accessible in the MBeanServerConnection.
CONCURRENT_SESSIONS jmx.monitor.error.mbean The observed object must be accessible in the MBeanServerConnection.
org.nuxeo.ecm.core.management.jtajca:type=TransactionMonitor,name=default,monitor=monitor
]]></system-err>
  </testcase>
  <testcase name="testCreateCompoundDocumentWithPreviewAsThumbnail" classname="org.nuxeo.compound.documents.TestCompoundDocumentImporter" time="5.126">
    <system-out><![CDATA[2025-03-31 14:32:33,269 [Thread-13] ERROR [AbstractRuntimeService$1] NUXEO INSTANCE REGISTRATION FILE IS MISSING

***** This Nuxeo instance is not registered *****
This Nuxeo instance can only be used for development and will be stopped if used in production

]]></system-out>
    <system-err><![CDATA[org.nuxeo.ecm.core.management.jtajca:type=TransactionMonitor,name=default,monitor=monitor
]]></system-err>
  </testcase>
  <testcase name="testBadArchive" classname="org.nuxeo.compound.documents.TestCompoundDocumentImporter" time="2.917">
    <system-out><![CDATA[2025-03-31 14:32:37,748 [Thread-16] ERROR [AbstractRuntimeService$1] NUXEO INSTANCE REGISTRATION FILE IS MISSING

***** This Nuxeo instance is not registered *****
This Nuxeo instance can only be used for development and will be stopped if used in production

2025-03-31 14:32:38,183 [main] WARN  [ZipFileReader] Failed decoding ZipFile: /home/jenkins/workspace/ts_nuxeo-compound-documents_2025/nuxeo-compound-documents/target-dev/nxruntime-main-2500648759643081510.tmp/tmp/test10511813978729815580.zip
2025-03-31 14:32:38,184 [main] WARN  [ZipFileReader] Failed decoding ZipFile: /home/jenkins/workspace/ts_nuxeo-compound-documents_2025/nuxeo-compound-documents/target-dev/nxruntime-main-2500648759643081510.tmp/tmp/test10511813978729815580.zip
]]></system-out>
    <system-err><![CDATA[org.nuxeo.ecm.core.management.jtajca:type=TransactionMonitor,name=default,monitor=monitor
]]></system-err>
  </testcase>
  <testcase name="testCustomCompoundDocumentType" classname="org.nuxeo.compound.documents.TestCompoundDocumentImporter" time="3.467">
    <system-out><![CDATA[2025-03-31 14:32:40,803 [Thread-19] ERROR [AbstractRuntimeService$1] NUXEO INSTANCE REGISTRATION FILE IS MISSING

***** This Nuxeo instance is not registered *****
This Nuxeo instance can only be used for development and will be stopped if used in production

]]></system-out>
    <system-err><![CDATA[org.nuxeo.ecm.core.management.jtajca:type=TransactionMonitor,name=default,monitor=monitor
]]></system-err>
  </testcase>
  <testcase name="testBadCustomCompoundDocumentType" classname="org.nuxeo.compound.documents.TestCompoundDocumentImporter" time="3.147">
    <system-out><![CDATA[2025-03-31 14:32:44,329 [Thread-22] ERROR [AbstractRuntimeService$1] NUXEO INSTANCE REGISTRATION FILE IS MISSING

***** This Nuxeo instance is not registered *****
This Nuxeo instance can only be used for development and will be stopped if used in production

2025-03-31 14:32:44,791 [main] WARN  [TracerFactory] 

****** chain ******
Name: javascript.GetCompoundDocumentType
Exception: OperationException
Caught error: Failed to invoke operation javascript.GetCompoundDocumentType
Caused by: org.nuxeo.ecm.automation.OperationException: Failed to invoke operation javascript.GetCompoundDocumentType
****** Hierarchy calls ******
	org.nuxeo.automation.scripting.internals.ScriptingOperationImpl

]]></system-out>
    <system-err><![CDATA[org.nuxeo.ecm.core.management.jtajca:type=TransactionMonitor,name=default,monitor=monitor
]]></system-err>
  </testcase>
  <testcase name="testBadCustomCompoundDocumentFolderType" classname="org.nuxeo.compound.documents.TestCompoundDocumentImporter" time="3.383">
    <system-out><![CDATA[2025-03-31 14:32:47,608 [Thread-25] ERROR [AbstractRuntimeService$1] NUXEO INSTANCE REGISTRATION FILE IS MISSING

***** This Nuxeo instance is not registered *****
This Nuxeo instance can only be used for development and will be stopped if used in production

2025-03-31 14:32:48,151 [main] WARN  [TracerFactory] 

****** chain ******
Name: javascript.GetCompoundDocumentFolderType
Exception: OperationException
Caught error: Failed to invoke operation javascript.GetCompoundDocumentFolderType
Caused by: org.nuxeo.ecm.automation.OperationException: Failed to invoke operation javascript.GetCompoundDocumentFolderType
****** Hierarchy calls ******
	org.nuxeo.automation.scripting.internals.ScriptingOperationImpl

]]></system-out>
    <system-err><![CDATA[org.nuxeo.ecm.core.management.jtajca:type=TransactionMonitor,name=default,monitor=monitor
]]></system-err>
  </testcase>
  <testcase name="testCreateNestedCompoundDocuments" classname="org.nuxeo.compound.documents.TestCompoundDocumentImporter" time="3.428">
    <system-out><![CDATA[2025-03-31 14:32:50,906 [Thread-28] ERROR [AbstractRuntimeService$1] NUXEO INSTANCE REGISTRATION FILE IS MISSING

***** This Nuxeo instance is not registered *****
This Nuxeo instance can only be used for development and will be stopped if used in production

]]></system-out>
    <system-err><![CDATA[org.nuxeo.ecm.core.management.jtajca:type=TransactionMonitor,name=default,monitor=monitor
]]></system-err>
  </testcase>
</testsuite>